<?xml version="1.0" encoding="UTF-8"?>
<testsuite name="ru.spbau.group202.sharkova.hw7treeset.BinaryTreeSetTest" time="0.053" tests="26" errors="0" skipped="0" failures="0">
  <properties>
[...]
</properties>
  <testcase name="testAddAll" classname="ru.spbau.group202.sharkova.hw7treeset.BinaryTreeSetTest" time="0.048"/>
  <testcase name="testFirst" classname="ru.spbau.group202.sharkova.hw7treeset.BinaryTreeSetTest" time="0"/>
  <testcase name="testLast" classname="ru.spbau.group202.sharkova.hw7treeset.BinaryTreeSetTest" time="0"/>
  <testcase name="testLowerInteger" classname="ru.spbau.group202.sharkova.hw7treeset.BinaryTreeSetTest" time="0"/>
  <testcase name="testLowerString" classname="ru.spbau.group202.sharkova.hw7treeset.BinaryTreeSetTest" time="0"/>
  <testcase name="testHigherString" classname="ru.spbau.group202.sharkova.hw7treeset.BinaryTreeSetTest" time="0"/>
  <testcase name="testFloorString" classname="ru.spbau.group202.sharkova.hw7treeset.BinaryTreeSetTest" time="0.001"/>
  <testcase name="testCeilingString" classname="ru.spbau.group202.sharkova.hw7treeset.BinaryTreeSetTest" time="0"/>
  <testcase name="testContainsAll" classname="ru.spbau.group202.sharkova.hw7treeset.BinaryTreeSetTest" time="0"/>
  <testcase name="testRemove" classname="ru.spbau.group202.sharkova.hw7treeset.BinaryTreeSetTest" time="0.001"/>
  <testcase name="testSize" classname="ru.spbau.group202.sharkova.hw7treeset.BinaryTreeSetTest" time="0"/>
  <testcase name="testIsEmpty" classname="ru.spbau.group202.sharkova.hw7treeset.BinaryTreeSetTest" time="0"/>
  <testcase name="testClear" classname="ru.spbau.group202.sharkova.hw7treeset.BinaryTreeSetTest" time="0.001"/>
  <testcase name="testRemoveAll" classname="ru.spbau.group202.sharkova.hw7treeset.BinaryTreeSetTest" time="0.001"/>
  <testcase name="testIterator" classname="ru.spbau.group202.sharkova.hw7treeset.BinaryTreeSetTest" time="0"/>
  <testcase name="testRetainAll" classname="ru.spbau.group202.sharkova.hw7treeset.BinaryTreeSetTest" time="0"/>
  <testcase name="testDescendingIterator" classname="ru.spbau.group202.sharkova.hw7treeset.BinaryTreeSetTest" time="0"/>
  <testcase name="testDescendingSet" classname="ru.spbau.group202.sharkova.hw7treeset.BinaryTreeSetTest" time="0"/>
  <testcase name="testRemoveFromDescendingSet" classname="ru.spbau.group202.sharkova.hw7treeset.BinaryTreeSetTest" time="0"/>
  <testcase name="testToArrayObject" classname="ru.spbau.group202.sharkova.hw7treeset.BinaryTreeSetTest" time="0"/>
  <testcase name="testToArrayTyped" classname="ru.spbau.group202.sharkova.hw7treeset.BinaryTreeSetTest" time="0"/>
  <testcase name="testCustomComparator" classname="ru.spbau.group202.sharkova.hw7treeset.BinaryTreeSetTest" time="0.001"/>
  <testcase name="testCustomComparatorWithNull" classname="ru.spbau.group202.sharkova.hw7treeset.BinaryTreeSetTest" time="0"/>
  <testcase name="testHigherInteger" classname="ru.spbau.group202.sharkova.hw7treeset.BinaryTreeSetTest" time="0"/>
  <testcase name="testContains" classname="ru.spbau.group202.sharkova.hw7treeset.BinaryTreeSetTest" time="0"/>
  <testcase name="testAdd" classname="ru.spbau.group202.sharkova.hw7treeset.BinaryTreeSetTest" time="0"/>
</testsuite>